<?xml version="1.0" encoding="UTF-8"?>
<!-- Generated by org.testng.reporters.JUnitReportReporter -->
<testsuite hostname="LAPTOP-B1VBLAN5" failures="0" tests="1" name="TestNG.TestNgExample2" time="6.662" errors="0" timestamp="2022-05-19T06:48:24 IST" skipped="0">
  <testcase classname="TestNG.TestNgExample2" name="login" time="6.662"/>
  <system-out/>
</testsuite> <!-- TestNG.TestNgExample2 -->
